30
-1812 -1984 -9663 5131
-2586 7859 7423 -4798
193 8457 -300 2680
-149 -9041 6425 84
3329 -5601 -2055 -5156
4701 3753 -2852 -2578
-1417 -9909 -5593 -5639
-7013 2309 -7622 6652
-5296 -5647 -9646 -1031
-1275 8332 6134 1727
-6996 2724 933 4067
1134 3022 -9377 2501
6487 -7016 -6730 4775
9141 -7928 7794 -4177
-5164 -3440 -2341 -6820
-5940 2165 -1255 6089
1691 -1616 347 -8205
-7966 -6024 -2883 5136
6899 3888 1191 6179
-762 7446 2182 2919
-6843 1720 -8636 -9995
-2997 -6378 4359 -2044
-7094 2392 2381 558
-3241 7718 -2179 -1519
-358 247 -547 -5282
-376 -1900 7187 3663
7470 1828 4310 -103
-2289 7865 8712 -1962
-6942 -5180 -1909 326
3266 3617 3585 1090
